<?xml version="1.0" encoding="UTF-8"?>
<!-- Generated by org.testng.reporters.JUnitReportReporter -->
<testsuite hostname="MacBook-Pro-KP.local" failures="0" tests="3" name="parameters.SampleTest" time="0.005" errors="0" timestamp="13 Oct 2017 20:16:05 GMT" skipped="0">
  <testcase classname="parameters.SampleTest" name="second" time="0.000"/>
  <testcase classname="parameters.SampleTest" name="first" time="0.005"/>
  <testcase classname="parameters.SampleTest" name="third" time="0.000"/>
</testsuite> <!-- parameters.SampleTest -->
